# AEGIS Defense Watch - Reminder Execution Log

**Triggered:** 2026-03-15 19:47:17 EDT  
**Script:** `/Users/corystoner/Desktop/ORION/scripts/aegis_defense_watch.sh`  
**Status:** Completed (with authentication requirement)

## Execution Summary

The scheduled AEGIS defense watch reminder was triggered and the script attempted to execute.

### What Happened:
1. Script invoked with `ORION_TELEGRAM_CHAT_ID=-5007679487`
2. Attempted to fetch AEGIS_TELEGRAM_CHAT_ID via SSH to Hetzner host (100.75.104.54)
3. **Tailscale SSH authentication required**: https://login.tailscale.com/a/l15d9f2af38e7eb
4. SSH connection blocked pending authentication
5. Script terminated without sending notifications

### Current State:
- The watch script designed to poll for new defense plans is blocked on Tailscale SSH auth
- No new defense plans could be checked
- No Telegram notification sent

### Next Steps (if needed):
- Authenticate Tailscale SSH for the AEGIS host
- Re-run the watch script manually or wait for next scheduled trigger
- Verify connectivity with: `ssh root@100.75.104.54`

**Reminder handling complete.** No user notification required per policy.
